<?xml version="1.0" encoding="UTF-8"?>
<coverage generated="1493631878638" clover="3.2.0">
  <project timestamp="1493631878639" name="All files">
    <metrics statements="7" coveredstatements="0" conditionals="4" coveredconditionals="0" methods="1" coveredmethods="0" elements="12" coveredelements="0" complexity="0" loc="7" ncloc="7" packages="1" files="1" classes="1">
      <file name="App.js" path="/home/fazdev/projects/coderview/app/App.js">
        <metrics statements="7" coveredstatements="0" conditionals="4" coveredconditionals="0" methods="1" coveredmethods="0"/>
        <line num="4" count="0" type="stmt"/>
        <line num="5" count="0" type="stmt"/>
        <line num="6" count="0" type="stmt"/>
        <line num="7" count="0" type="stmt"/>
        <line num="8" count="0" type="cond" truecount="0" falsecount="4"/>
        <line num="10" count="0" type="stmt"/>
        <line num="12" count="0" type="stmt"/>
      </file>
    </metrics>
  </project>
</coverage>
