{"/home/fazdev/projects/coderview/app/App.js": {"path":"/home/fazdev/projects/coderview/app/App.js","statementMap":{"0":{"start":{"line":4,"column":13},"end":{"line":4,"column":29}},"1":{"start":{"line":4,"column":44},"end":{"line":4,"column":74}},"2":{"start":{"line":5,"column":16},"end":{"line":5,"column":36}},"3":{"start":{"line":6,"column":18},"end":{"line":6,"column":40}},"4":{"start":{"line":7,"column":22},"end":{"line":7,"column":55}},"5":{"start":{"line":7,"column":79},"end":{"line":7,"column":118}},"6":{"start":{"line":8,"column":12},"end":{"line":8,"column":38}},"7":{"start":{"line":8,"column":52},"end":{"line":8,"column":81}},"8":{"start":{"line":8,"column":120},"end":{"line":8,"column":174}},"9":{"start":{"line":10,"column":12},"end":{"line":10,"column":43}},"10":{"start":{"line":12,"column":48},"end":{"line":16,"column":32}}},"fnMap":{"0":{"name":"_interopRequireDefault","decl":{"start":{"line":8,"column":91},"end":{"line":8,"column":113}},"loc":{"start":{"line":8,"column":119},"end":{"line":8,"column":175}},"line":8}},"branchMap":{"0":{"loc":{"start":{"line":8,"column":127},"end":{"line":8,"column":173}},"type":"cond-expr","locations":[{"start":{"line":8,"column":151},"end":{"line":8,"column":154}},{"start":{"line":8,"column":157},"end":{"line":8,"column":173}}],"line":8},"1":{"loc":{"start":{"line":8,"column":127},"end":{"line":8,"column":148}},"type":"binary-expr","locations":[{"start":{"line":8,"column":127},"end":{"line":8,"column":130}},{"start":{"line":8,"column":134},"end":{"line":8,"column":148}}],"line":8}},"s":{"0":0,"1":0,"2":0,"3":0,"4":0,"5":0,"6":0,"7":0,"8":0,"9":0,"10":0},"f":{"0":0},"b":{"0":[0,0],"1":[0,0]}}
}
